
> goim-web@0.1.0 dev
> vite --host 0.0.0.0


  [32m[1mVITE[22m v8.1.4[39m  [2mready in [0m[1m5379[22m[2m[0m ms[22m

  [32m➜[39m  [1mLocal[22m:   [36mhttp://localhost:[1m5173[22m/[39m
  [32m➜[39m  [1mNetwork[22m: [36mhttp://10.68.25.25:[1m5173[22m/[39m
  [32m➜[39m  [1mNetwork[22m: [36mhttp://172.20.208.1:[1m5173[22m/[39m
[2m17:15:18[22m [36m[1m[vite][22m[39m [90m[2m(client)[22m[39m [32mhmr update [39m[2m/src/pages/ContactsPage.tsx, /src/styles.css[22m
[2m17:23:32[22m [36m[1m[vite][22m[39m [90m[2m(client)[22m[39m [32mhmr update [39m[2m/src/pages/ChatPage.tsx, /src/styles.css[22m
[2m17:23:32[22m [36m[1m[vite][22m[39m [90m[2m(client)[22m[39m [32mhmr update [39m[2m/src/app.css, /src/styles.css[22m
[2m17:26:39[22m [36m[1m[vite][22m[39m [90m[2m(client)[22m[39m [32mhmr update [39m[2m/src/pages/ChatPage.tsx, /src/styles.css[22m
[2m17:26:39[22m [36m[1m[vite][22m[39m [90m[2m(client)[22m[39m [32mhmr update [39m[2m/src/app.css, /src/styles.css[22m
[2m18:29:31[22m [36m[1m[vite][22m[39m [90m[2m(client)[22m[39m [32mhmr update [39m[2m/src/styles.css[22m
[2m18:29:31[22m [36m[1m[vite][22m[39m [90m[2m(client)[22m[39m [32mhmr update [39m[2m/src/app.css, /src/styles.css[22m
[2m18:37:23[22m [36m[1m[vite][22m[39m [90m[2m(client)[22m[39m [32mhmr update [39m[2m/src/app.css, /src/styles.css[22m
[2m18:37:38[22m [36m[1m[vite][22m[39m [90m[2m(client)[22m[39m [32mhmr update [39m[2m/src/app.css, /src/styles.css[22m
[2m18:40:53[22m [36m[1m[vite][22m[39m [90m[2m(client)[22m[39m [32mhmr update [39m[2m/src/app.css, /src/styles.css[22m
[2m18:49:09[22m [36m[1m[vite][22m[39m [90m[2m(client)[22m[39m [32mhmr update [39m[2m/src/pages/ContactsPage.tsx, /src/styles.css[22m
[2m18:49:09[22m [36m[1m[vite][22m[39m [90m[2m(client)[22m[39m [32mhmr update [39m[2m/src/app.css, /src/styles.css[22m
[2m18:53:35[22m [36m[1m[vite][22m[39m [90m[2m(client)[22m[39m [32mhmr update [39m[2m/src/pages/ContactsPage.tsx, /src/styles.css[22m
[2m18:53:35[22m [36m[1m[vite][22m[39m [90m[2m(client)[22m[39m [32mhmr update [39m[2m/src/app.css, /src/styles.css[22m
[2m18:58:20[22m [36m[1m[vite][22m[39m [90m[2m(client)[22m[39m [32mhmr update [39m[2m/src/pages/ChatPage.tsx, /src/styles.css[22m
[2m18:58:20[22m [36m[1m[vite][22m[39m [90m[2m(client)[22m[39m [32mhmr update [39m[2m/src/app.css, /src/styles.css[22m
[2m19:02:07[22m [36m[1m[vite][22m[39m [90m[2m(client)[22m[39m [32mhmr update [39m[2m/src/app.css, /src/styles.css[22m
[2m19:04:54[22m [36m[1m[vite][22m[39m [90m[2m(client)[22m[39m [32mhmr update [39m[2m/src/app.css, /src/styles.css[22m
[2m19:05:08[22m [36m[1m[vite][22m[39m [90m[2m(client)[22m[39m [32mhmr update [39m[2m/src/app.css, /src/styles.css[22m
[2m19:07:25[22m [36m[1m[vite][22m[39m [90m[2m(client)[22m[39m [32mhmr update [39m[2m/src/pages/ChatPage.tsx, /src/styles.css[22m
[2m19:07:25[22m [36m[1m[vite][22m[39m [90m[2m(client)[22m[39m [32mhmr update [39m[2m/src/app.css, /src/styles.css[22m
[2m19:10:43[22m [36m[1m[vite][22m[39m [90m[2m(client)[22m[39m [32mhmr update [39m[2m/src/pages/ChatPage.tsx, /src/styles.css[22m
